<?xml version="1.0" encoding="UTF-8"?>
<!-- Generated by org.testng.reporters.JUnitReportReporter -->
<testsuite hostname="NishaAbishek" failures="0" tests="1" name="com.naveenautomationlab.AutomationFramework.Tests.NopCommerceDemoStoreCheckoutSuccessTest" time="18.148" errors="0" timestamp="2023-06-21T19:28:20 EDT" skipped="0">
  <testcase classname="com.naveenautomationlab.AutomationFramework.Tests.NopCommerceDemoStoreCheckoutSuccessTest" name="validateCheckOut" time="18.148"/>
  <system-out/>
</testsuite> <!-- com.naveenautomationlab.AutomationFramework.Tests.NopCommerceDemoStoreCheckoutSuccessTest -->
