<?xml version="1.0" encoding="UTF-8"?>
<!-- Generated by org.testng.reporters.JUnitReportReporter -->
<testsuite hostname="NishaAbishek" failures="0" tests="3" name="org.maven.naveen.website.RegisterAccount" time="25.221" errors="0" timestamp="12 Jun. 2023 20:46:37 GMT" skipped="0">
  <testcase classname="org.maven.naveen.website.RegisterAccount" name="register" time="8.195"/>
  <testcase classname="org.maven.naveen.website.RegisterAccount" name="login" time="5.925"/>
  <testcase classname="org.maven.naveen.website.RegisterAccount" name="updatePassword" time="11.101"/>
</testsuite> <!-- org.maven.naveen.website.RegisterAccount -->
