<?xml version="1.0" encoding="UTF-8"?>
<!-- Generated by org.testng.reporters.JUnitReportReporter -->
<testsuite hostname="NishaAbishek" failures="0" tests="1" name="org.maven.nisha.selenium.EnquiryBannerWithExplicitWait" time="5.434" errors="0" timestamp="08 Jun. 2023 05:38:58 GMT" skipped="0">
  <testcase classname="org.maven.nisha.selenium.EnquiryBannerWithExplicitWait" name="validateEnquiryBanner" time="5.434"/>
</testsuite> <!-- org.maven.nisha.selenium.EnquiryBannerWithExplicitWait -->
