<?xml version="1.0" encoding="UTF-8"?>
<!-- Generated by org.testng.reporters.JUnitReportReporter -->
<testsuite hostname="NishaAbishek" failures="0" tests="1" name="org.maven.nisha.selenium.Enquiry" time="5.441" errors="0" timestamp="08 Jun. 2023 05:01:19 GMT" skipped="0">
  <testcase classname="org.maven.nisha.selenium.Enquiry" name="validateContactUs" time="5.441"/>
</testsuite> <!-- org.maven.nisha.selenium.Enquiry -->
