<?xml version="1.0" encoding="UTF-8"?>
<!-- Generated by org.testng.reporters.JUnitReportReporter -->
<testsuite hostname="NishaAbishek" failures="0" tests="1" name="org.maven.nisha.selenium.SeleniumIntroduction" time="5.017" errors="0" timestamp="06 Jun. 2023 22:40:41 GMT" skipped="0">
  <testcase classname="org.maven.nisha.selenium.SeleniumIntroduction" name="loginFunctionTest" time="5.017"/>
</testsuite> <!-- org.maven.nisha.selenium.SeleniumIntroduction -->
