<?xml version="1.0" encoding="UTF-8"?>
<!-- Generated by org.testng.reporters.JUnitReportReporter -->
<testsuite hostname="NishaAbishek" failures="0" tests="4" name="org.maven.nisha.selenium.IsDisplayIsEnabledIsSelected" time="15.715" errors="0" timestamp="08 Jun. 2023 04:23:32 GMT" skipped="0">
  <testcase classname="org.maven.nisha.selenium.IsDisplayIsEnabledIsSelected" name="isSelected" time="3.764"/>
  <testcase classname="org.maven.nisha.selenium.IsDisplayIsEnabledIsSelected" name="validateText" time="4.107"/>
  <testcase classname="org.maven.nisha.selenium.IsDisplayIsEnabledIsSelected" name="isEnabled" time="3.647"/>
  <testcase classname="org.maven.nisha.selenium.IsDisplayIsEnabledIsSelected" name="validateDropDown" time="4.197"/>
</testsuite> <!-- org.maven.nisha.selenium.IsDisplayIsEnabledIsSelected -->
