<?xml version="1.0" encoding="UTF-8"?>
<!-- Generated by org.testng.reporters.JUnitReportReporter -->
<testsuite hostname="NishaAbishek" failures="0" tests="1" name="com.SeleniumOauth2.Oauth2.Tests.MyAppBasicInformationTest" time="19.028" errors="0" timestamp="2023-10-19T15:13:09 MDT" skipped="0">
  <testcase classname="com.SeleniumOauth2.Oauth2.Tests.MyAppBasicInformationTest" name="verifyClientId" time="19.028"/>
  <system-out/>
</testsuite> <!-- com.SeleniumOauth2.Oauth2.Tests.MyAppBasicInformationTest -->
