<?xml version="1.0" encoding="UTF-8"?>
<!-- Generated by org.testng.reporters.JUnitReportReporter -->
<testsuite hostname="NishaAbishek" failures="0" tests="10" name="testNGDemo.FirstTest" time="0.022" errors="0" timestamp="25 May 2023 23:22:26 GMT" skipped="2">
  <testcase classname="testNGDemo.FirstTest" name="test1" time="0.003"/>
  <testcase classname="testNGDemo.FirstTest" name="test2" time="0.001"/>
  <testcase classname="testNGDemo.FirstTest" name="test2" time="0.001"/>
  <testcase classname="testNGDemo.FirstTest" name="test2" time="0.000"/>
  <testcase classname="testNGDemo.FirstTest" name="test6" time="0.001"/>
  <testcase classname="testNGDemo.FirstTest" name="test7" time="0.001"/>
  <testcase classname="testNGDemo.FirstTest" name="test5" time="0.001"/>
  <testcase classname="testNGDemo.FirstTest" name="test2" time="0.014"/>
  <testcase classname="testNGDemo.FirstTest" name="test3">
    <skipped/>
  </testcase> <!-- test3 -->
  <testcase classname="testNGDemo.FirstTest" name="test4">
    <skipped/>
  </testcase> <!-- test4 -->
</testsuite> <!-- testNGDemo.FirstTest -->
