<?xml version="1.0" encoding="UTF-8"?>
<!-- Generated by org.testng.reporters.JUnitReportReporter -->
<testsuite hostname="NishaAbishek" failures="0" tests="1" name="com.jiraapiautomation.JiraAPI.tests.DeleteIssueTest" time="0.458" errors="0" timestamp="02 Aug. 2023 22:10:43 GMT" skipped="0">
  <testcase classname="com.jiraapiautomation.JiraAPI.tests.DeleteIssueTest" name="validateDeleteIssue" time="0.458"/>
</testsuite> <!-- com.jiraapiautomation.JiraAPI.tests.DeleteIssueTest -->
